[2019-06-22T15:54:22.788] [ERROR] cheese - { code: 2, msg: '请求后台出错' }
[2019-06-22T22:09:19.810] [ERROR] cheese - { Error: ENOENT: no such file or directory, open 'C:\work\web\yideng\node-ssr\dist\views\index.html'
  errno: -4058,
  code: 'ENOENT',
  syscall: 'open',
  path: 'C:\\work\\web\\yideng\\node-ssr\\dist\\views\\index.html' }
[2019-07-13T18:30:24.304] [ERROR] cheese - { Error: ENOENT: no such file or directory, open 'C:\work\web\yideng\node-ssr\dist\views\blog\common\layout.html'
    at Object.fs.openSync (fs.js:646:18)
    at Object.fs.readFileSync (fs.js:551:33)
    at Object.ret.load (C:\work\web\yideng\node-ssr\node_modules\swig-templates\lib\loaders\filesystem.js:59:15)
    at exports.Swig.parseFile (C:\work\web\yideng\node-ssr\node_modules\swig-templates\lib\swig.js:403:31)
    at getParents (C:\work\web\yideng\node-ssr\node_modules\swig-templates\lib\swig.js:480:14)
    at exports.Swig.precompile (C:\work\web\yideng\node-ssr\node_modules\swig-templates\lib\swig.js:527:19)
    at exports.Swig.compile (C:\work\web\yideng\node-ssr\node_modules\swig-templates\lib\swig.js:651:16)
    at C:\work\web\yideng\node-ssr\node_modules\swig-templates\lib\swig.js:729:27
    at FSReqWrap.readFileAfterClose [as oncomplete] (fs.js:511:3)
  errno: -4058,
  code: 'ENOENT',
  syscall: 'open',
  path: 'C:\\work\\web\\yideng\\node-ssr\\dist\\views\\blog\\common\\layout.html' }
[2019-07-13T18:31:34.925] [ERROR] cheese - { Error: ENOENT: no such file or directory, open 'C:\work\web\yideng\node-ssr\dist\views\blog\common\layout.html'
    at Object.fs.openSync (fs.js:646:18)
    at Object.fs.readFileSync (fs.js:551:33)
    at Object.ret.load (C:\work\web\yideng\node-ssr\node_modules\swig-templates\lib\loaders\filesystem.js:59:15)
    at exports.Swig.parseFile (C:\work\web\yideng\node-ssr\node_modules\swig-templates\lib\swig.js:403:31)
    at getParents (C:\work\web\yideng\node-ssr\node_modules\swig-templates\lib\swig.js:480:14)
    at exports.Swig.precompile (C:\work\web\yideng\node-ssr\node_modules\swig-templates\lib\swig.js:527:19)
    at exports.Swig.compile (C:\work\web\yideng\node-ssr\node_modules\swig-templates\lib\swig.js:651:16)
    at C:\work\web\yideng\node-ssr\node_modules\swig-templates\lib\swig.js:729:27
    at FSReqWrap.readFileAfterClose [as oncomplete] (fs.js:511:3)
  errno: -4058,
  code: 'ENOENT',
  syscall: 'open',
  path: 'C:\\work\\web\\yideng\\node-ssr\\dist\\views\\blog\\common\\layout.html' }
[2019-07-13T20:01:49.071] [ERROR] cheese - { Error: ENOENT: no such file or directory, open 'C:\work\web\yideng\node-ssr\dist\views\blog\common\layout.html'
    at Object.fs.openSync (fs.js:646:18)
    at Object.fs.readFileSync (fs.js:551:33)
    at Object.ret.load (C:\work\web\yideng\node-ssr\node_modules\swig-templates\lib\loaders\filesystem.js:59:15)
    at exports.Swig.parseFile (C:\work\web\yideng\node-ssr\node_modules\swig-templates\lib\swig.js:403:31)
    at getParents (C:\work\web\yideng\node-ssr\node_modules\swig-templates\lib\swig.js:480:14)
    at exports.Swig.precompile (C:\work\web\yideng\node-ssr\node_modules\swig-templates\lib\swig.js:527:19)
    at exports.Swig.compile (C:\work\web\yideng\node-ssr\node_modules\swig-templates\lib\swig.js:651:16)
    at C:\work\web\yideng\node-ssr\node_modules\swig-templates\lib\swig.js:729:27
    at FSReqWrap.readFileAfterClose [as oncomplete] (fs.js:511:3)
  errno: -4058,
  code: 'ENOENT',
  syscall: 'open',
  path: 'C:\\work\\web\\yideng\\node-ssr\\dist\\views\\blog\\common\\layout.html' }
[2019-07-13T20:01:51.055] [ERROR] cheese - { Error: ENOENT: no such file or directory, open 'C:\work\web\yideng\node-ssr\dist\views\blog\common\layout.html'
    at Object.fs.openSync (fs.js:646:18)
    at Object.fs.readFileSync (fs.js:551:33)
    at Object.ret.load (C:\work\web\yideng\node-ssr\node_modules\swig-templates\lib\loaders\filesystem.js:59:15)
    at exports.Swig.parseFile (C:\work\web\yideng\node-ssr\node_modules\swig-templates\lib\swig.js:403:31)
    at getParents (C:\work\web\yideng\node-ssr\node_modules\swig-templates\lib\swig.js:480:14)
    at exports.Swig.precompile (C:\work\web\yideng\node-ssr\node_modules\swig-templates\lib\swig.js:527:19)
    at exports.Swig.compile (C:\work\web\yideng\node-ssr\node_modules\swig-templates\lib\swig.js:651:16)
    at C:\work\web\yideng\node-ssr\node_modules\swig-templates\lib\swig.js:729:27
    at FSReqWrap.readFileAfterClose [as oncomplete] (fs.js:511:3)
  errno: -4058,
  code: 'ENOENT',
  syscall: 'open',
  path: 'C:\\work\\web\\yideng\\node-ssr\\dist\\views\\blog\\common\\layout.html' }
[2019-07-13T20:03:56.433] [ERROR] cheese - { Error: ENOENT: no such file or directory, open 'C:\work\web\yideng\node-ssr\dist\views\blog\common\layout.html'
    at Object.fs.openSync (fs.js:646:18)
    at Object.fs.readFileSync (fs.js:551:33)
    at Object.ret.load (C:\work\web\yideng\node-ssr\node_modules\swig-templates\lib\loaders\filesystem.js:59:15)
    at exports.Swig.parseFile (C:\work\web\yideng\node-ssr\node_modules\swig-templates\lib\swig.js:403:31)
    at getParents (C:\work\web\yideng\node-ssr\node_modules\swig-templates\lib\swig.js:480:14)
    at exports.Swig.precompile (C:\work\web\yideng\node-ssr\node_modules\swig-templates\lib\swig.js:527:19)
    at exports.Swig.compile (C:\work\web\yideng\node-ssr\node_modules\swig-templates\lib\swig.js:651:16)
    at C:\work\web\yideng\node-ssr\node_modules\swig-templates\lib\swig.js:729:27
    at FSReqWrap.readFileAfterClose [as oncomplete] (fs.js:511:3)
  errno: -4058,
  code: 'ENOENT',
  syscall: 'open',
  path: 'C:\\work\\web\\yideng\\node-ssr\\dist\\views\\blog\\common\\layout.html' }
[2019-07-13T20:03:57.434] [ERROR] cheese - { Error: ENOENT: no such file or directory, open 'C:\work\web\yideng\node-ssr\dist\views\blog\common\layout.html'
    at Object.fs.openSync (fs.js:646:18)
    at Object.fs.readFileSync (fs.js:551:33)
    at Object.ret.load (C:\work\web\yideng\node-ssr\node_modules\swig-templates\lib\loaders\filesystem.js:59:15)
    at exports.Swig.parseFile (C:\work\web\yideng\node-ssr\node_modules\swig-templates\lib\swig.js:403:31)
    at getParents (C:\work\web\yideng\node-ssr\node_modules\swig-templates\lib\swig.js:480:14)
    at exports.Swig.precompile (C:\work\web\yideng\node-ssr\node_modules\swig-templates\lib\swig.js:527:19)
    at exports.Swig.compile (C:\work\web\yideng\node-ssr\node_modules\swig-templates\lib\swig.js:651:16)
    at C:\work\web\yideng\node-ssr\node_modules\swig-templates\lib\swig.js:729:27
    at FSReqWrap.readFileAfterClose [as oncomplete] (fs.js:511:3)
  errno: -4058,
  code: 'ENOENT',
  syscall: 'open',
  path: 'C:\\work\\web\\yideng\\node-ssr\\dist\\views\\blog\\common\\layout.html' }
[2019-07-13T20:04:18.544] [ERROR] cheese - { Error: ENOENT: no such file or directory, open 'C:\work\web\yideng\node-ssr\dist\views\blog\common\layout.html'
    at Object.fs.openSync (fs.js:646:18)
    at Object.fs.readFileSync (fs.js:551:33)
    at Object.ret.load (C:\work\web\yideng\node-ssr\node_modules\swig-templates\lib\loaders\filesystem.js:59:15)
    at exports.Swig.parseFile (C:\work\web\yideng\node-ssr\node_modules\swig-templates\lib\swig.js:403:31)
    at getParents (C:\work\web\yideng\node-ssr\node_modules\swig-templates\lib\swig.js:480:14)
    at exports.Swig.precompile (C:\work\web\yideng\node-ssr\node_modules\swig-templates\lib\swig.js:527:19)
    at exports.Swig.compile (C:\work\web\yideng\node-ssr\node_modules\swig-templates\lib\swig.js:651:16)
    at C:\work\web\yideng\node-ssr\node_modules\swig-templates\lib\swig.js:729:27
    at FSReqWrap.readFileAfterClose [as oncomplete] (fs.js:511:3)
  errno: -4058,
  code: 'ENOENT',
  syscall: 'open',
  path: 'C:\\work\\web\\yideng\\node-ssr\\dist\\views\\blog\\common\\layout.html' }
[2019-07-13T20:08:39.618] [ERROR] cheese - { Error: ENOENT: no such file or directory, open 'C:\work\web\yideng\node-ssr\dist\views\blog\common\layout.html'
    at Object.fs.openSync (fs.js:646:18)
    at Object.fs.readFileSync (fs.js:551:33)
    at Object.ret.load (C:\work\web\yideng\node-ssr\node_modules\swig-templates\lib\loaders\filesystem.js:59:15)
    at exports.Swig.parseFile (C:\work\web\yideng\node-ssr\node_modules\swig-templates\lib\swig.js:403:31)
    at getParents (C:\work\web\yideng\node-ssr\node_modules\swig-templates\lib\swig.js:480:14)
    at exports.Swig.precompile (C:\work\web\yideng\node-ssr\node_modules\swig-templates\lib\swig.js:527:19)
    at exports.Swig.compile (C:\work\web\yideng\node-ssr\node_modules\swig-templates\lib\swig.js:651:16)
    at C:\work\web\yideng\node-ssr\node_modules\swig-templates\lib\swig.js:729:27
    at FSReqWrap.readFileAfterClose [as oncomplete] (fs.js:511:3)
  errno: -4058,
  code: 'ENOENT',
  syscall: 'open',
  path: 'C:\\work\\web\\yideng\\node-ssr\\dist\\views\\blog\\common\\layout.html' }
[2019-07-13T20:08:42.721] [ERROR] cheese - { Error: ENOENT: no such file or directory, open 'C:\work\web\yideng\node-ssr\dist\views\blog\common\layout.html'
    at Object.fs.openSync (fs.js:646:18)
    at Object.fs.readFileSync (fs.js:551:33)
    at Object.ret.load (C:\work\web\yideng\node-ssr\node_modules\swig-templates\lib\loaders\filesystem.js:59:15)
    at exports.Swig.parseFile (C:\work\web\yideng\node-ssr\node_modules\swig-templates\lib\swig.js:403:31)
    at getParents (C:\work\web\yideng\node-ssr\node_modules\swig-templates\lib\swig.js:480:14)
    at exports.Swig.precompile (C:\work\web\yideng\node-ssr\node_modules\swig-templates\lib\swig.js:527:19)
    at exports.Swig.compile (C:\work\web\yideng\node-ssr\node_modules\swig-templates\lib\swig.js:651:16)
    at C:\work\web\yideng\node-ssr\node_modules\swig-templates\lib\swig.js:729:27
    at FSReqWrap.readFileAfterClose [as oncomplete] (fs.js:511:3)
  errno: -4058,
  code: 'ENOENT',
  syscall: 'open',
  path: 'C:\\work\\web\\yideng\\node-ssr\\dist\\views\\blog\\common\\layout.html' }
[2019-07-13T20:31:17.070] [ERROR] cheese - ReferenceError: tx is not defined
    at actionIndex (C:\work\web\yideng\node-ssr\dist\controllers\indexController.js:13:5)
    at <anonymous>
    at process._tickCallback (internal/process/next_tick.js:188:7)
[2019-07-13T20:31:54.227] [ERROR] cheese - ReferenceError: tx is not defined
    at actionIndex (C:\work\web\yideng\node-ssr\dist\controllers\indexController.js:13:5)
    at <anonymous>
    at process._tickCallback (internal/process/next_tick.js:188:7)
[2019-07-14T19:23:37.407] [ERROR] cheese - TypeError: Assignment to constant variable.
    at actionAdd (C:\work\web\yideng\node-ssr\dist\controllers\indexController.js:34:13)
    at <anonymous>
[2019-07-14T19:24:12.586] [ERROR] cheese - TypeError: Assignment to constant variable.
    at actionAdd (C:\work\web\yideng\node-ssr\dist\controllers\indexController.js:34:13)
    at <anonymous>
[2019-07-14T19:26:07.197] [ERROR] cheese - TypeError: Assignment to constant variable.
    at actionAdd (C:\work\web\yideng\node-ssr\dist\controllers\indexController.js:34:13)
    at <anonymous>
[2019-07-14T19:26:52.657] [ERROR] cheese - TypeError: Assignment to constant variable.
    at actionAdd (C:\work\web\yideng\node-ssr\dist\controllers\indexController.js:34:13)
    at <anonymous>
[2019-07-14T19:28:09.033] [ERROR] cheese - TypeError: Assignment to constant variable.
    at actionAdd (C:\work\web\yideng\node-ssr\dist\controllers\indexController.js:34:13)
    at <anonymous>
[2019-07-14T19:28:37.863] [ERROR] cheese - TypeError: Assignment to constant variable.
    at actionAdd (C:\work\web\yideng\node-ssr\dist\controllers\indexController.js:34:13)
    at <anonymous>
[2019-07-14T19:28:47.262] [ERROR] cheese - TypeError: Assignment to constant variable.
    at actionAdd (C:\work\web\yideng\node-ssr\dist\controllers\indexController.js:34:13)
    at <anonymous>
[2019-07-14T19:33:43.059] [ERROR] cheese - TypeError: Assignment to constant variable.
    at actionAdd (C:\work\web\yideng\node-ssr\dist\controllers\indexController.js:34:13)
    at <anonymous>
[2019-07-14T19:35:10.508] [ERROR] cheese - TypeError: Assignment to constant variable.
    at actionAdd (C:\work\web\yideng\node-ssr\dist\controllers\indexController.js:34:13)
    at <anonymous>
[2019-07-16T23:15:20.351] [ERROR] cheese - AwilixResolutionError: Could not resolve 'getData'.

Resolution path: getData
    at resolve (C:\work\web\yideng\node-ssr\node_modules\awilix\lib\container.js:234:23)
    at Object.get (C:\work\web\yideng\node-ssr\node_modules\awilix\lib\container.js:65:32)
    at IndexController.actionIndex (C:\work\web\yideng\node-ssr\dist\controllers\indexController.js:20:44)
    at memberInvoker (C:\work\web\yideng\node-ssr\node_modules\awilix-koa\lib\invokers.js:85:45)
    at dispatch (C:\work\web\yideng\node-ssr\node_modules\koa-compose\index.js:44:32)
    at next (C:\work\web\yideng\node-ssr\node_modules\koa-compose\index.js:45:18)
    at C:\work\web\yideng\node-ssr\node_modules\@koa\router\lib\router.js:346:16
    at dispatch (C:\work\web\yideng\node-ssr\node_modules\koa-compose\index.js:44:32)
    at C:\work\web\yideng\node-ssr\node_modules\koa-compose\index.js:36:12
    at dispatch (C:\work\web\yideng\node-ssr\node_modules\@koa\router\lib\router.js:351:31)
[2019-07-16T23:15:37.109] [ERROR] cheese - AwilixResolutionError: Could not resolve 'getData'.

Resolution path: getData
    at resolve (C:\work\web\yideng\node-ssr\node_modules\awilix\lib\container.js:234:23)
    at Object.get (C:\work\web\yideng\node-ssr\node_modules\awilix\lib\container.js:65:32)
    at IndexController.actionIndex (C:\work\web\yideng\node-ssr\dist\controllers\indexController.js:20:44)
    at memberInvoker (C:\work\web\yideng\node-ssr\node_modules\awilix-koa\lib\invokers.js:85:45)
    at dispatch (C:\work\web\yideng\node-ssr\node_modules\koa-compose\index.js:44:32)
    at next (C:\work\web\yideng\node-ssr\node_modules\koa-compose\index.js:45:18)
    at C:\work\web\yideng\node-ssr\node_modules\@koa\router\lib\router.js:346:16
    at dispatch (C:\work\web\yideng\node-ssr\node_modules\koa-compose\index.js:44:32)
    at C:\work\web\yideng\node-ssr\node_modules\koa-compose\index.js:36:12
    at dispatch (C:\work\web\yideng\node-ssr\node_modules\@koa\router\lib\router.js:351:31)
[2019-07-16T23:15:38.316] [ERROR] cheese - AwilixResolutionError: Could not resolve 'getData'.

Resolution path: getData
    at resolve (C:\work\web\yideng\node-ssr\node_modules\awilix\lib\container.js:234:23)
    at Object.get (C:\work\web\yideng\node-ssr\node_modules\awilix\lib\container.js:65:32)
    at IndexController.actionIndex (C:\work\web\yideng\node-ssr\dist\controllers\indexController.js:20:44)
    at memberInvoker (C:\work\web\yideng\node-ssr\node_modules\awilix-koa\lib\invokers.js:85:45)
    at dispatch (C:\work\web\yideng\node-ssr\node_modules\koa-compose\index.js:44:32)
    at next (C:\work\web\yideng\node-ssr\node_modules\koa-compose\index.js:45:18)
    at C:\work\web\yideng\node-ssr\node_modules\@koa\router\lib\router.js:346:16
    at dispatch (C:\work\web\yideng\node-ssr\node_modules\koa-compose\index.js:44:32)
    at C:\work\web\yideng\node-ssr\node_modules\koa-compose\index.js:36:12
    at dispatch (C:\work\web\yideng\node-ssr\node_modules\@koa\router\lib\router.js:351:31)
[2019-07-16T23:15:39.315] [ERROR] cheese - AwilixResolutionError: Could not resolve 'getData'.

Resolution path: getData
    at resolve (C:\work\web\yideng\node-ssr\node_modules\awilix\lib\container.js:234:23)
    at Object.get (C:\work\web\yideng\node-ssr\node_modules\awilix\lib\container.js:65:32)
    at IndexController.actionIndex (C:\work\web\yideng\node-ssr\dist\controllers\indexController.js:20:44)
    at memberInvoker (C:\work\web\yideng\node-ssr\node_modules\awilix-koa\lib\invokers.js:85:45)
    at dispatch (C:\work\web\yideng\node-ssr\node_modules\koa-compose\index.js:44:32)
    at next (C:\work\web\yideng\node-ssr\node_modules\koa-compose\index.js:45:18)
    at C:\work\web\yideng\node-ssr\node_modules\@koa\router\lib\router.js:346:16
    at dispatch (C:\work\web\yideng\node-ssr\node_modules\koa-compose\index.js:44:32)
    at C:\work\web\yideng\node-ssr\node_modules\koa-compose\index.js:36:12
    at dispatch (C:\work\web\yideng\node-ssr\node_modules\@koa\router\lib\router.js:351:31)
[2019-07-16T23:15:40.306] [ERROR] cheese - AwilixResolutionError: Could not resolve 'getData'.

Resolution path: getData
    at resolve (C:\work\web\yideng\node-ssr\node_modules\awilix\lib\container.js:234:23)
    at Object.get (C:\work\web\yideng\node-ssr\node_modules\awilix\lib\container.js:65:32)
    at IndexController.actionIndex (C:\work\web\yideng\node-ssr\dist\controllers\indexController.js:20:44)
    at memberInvoker (C:\work\web\yideng\node-ssr\node_modules\awilix-koa\lib\invokers.js:85:45)
    at dispatch (C:\work\web\yideng\node-ssr\node_modules\koa-compose\index.js:44:32)
    at next (C:\work\web\yideng\node-ssr\node_modules\koa-compose\index.js:45:18)
    at C:\work\web\yideng\node-ssr\node_modules\@koa\router\lib\router.js:346:16
    at dispatch (C:\work\web\yideng\node-ssr\node_modules\koa-compose\index.js:44:32)
    at C:\work\web\yideng\node-ssr\node_modules\koa-compose\index.js:36:12
    at dispatch (C:\work\web\yideng\node-ssr\node_modules\@koa\router\lib\router.js:351:31)
[2019-07-16T23:15:42.922] [ERROR] cheese - AwilixResolutionError: Could not resolve 'getData'.

Resolution path: getData
    at resolve (C:\work\web\yideng\node-ssr\node_modules\awilix\lib\container.js:234:23)
    at Object.get (C:\work\web\yideng\node-ssr\node_modules\awilix\lib\container.js:65:32)
    at IndexController.actionIndex (C:\work\web\yideng\node-ssr\dist\controllers\indexController.js:20:44)
    at memberInvoker (C:\work\web\yideng\node-ssr\node_modules\awilix-koa\lib\invokers.js:85:45)
    at dispatch (C:\work\web\yideng\node-ssr\node_modules\koa-compose\index.js:44:32)
    at next (C:\work\web\yideng\node-ssr\node_modules\koa-compose\index.js:45:18)
    at C:\work\web\yideng\node-ssr\node_modules\@koa\router\lib\router.js:346:16
    at dispatch (C:\work\web\yideng\node-ssr\node_modules\koa-compose\index.js:44:32)
    at C:\work\web\yideng\node-ssr\node_modules\koa-compose\index.js:36:12
    at dispatch (C:\work\web\yideng\node-ssr\node_modules\@koa\router\lib\router.js:351:31)
[2019-07-16T23:16:47.478] [ERROR] cheese - AwilixResolutionError: Could not resolve 'getData'.

Resolution path: getData
    at resolve (C:\work\web\yideng\node-ssr\node_modules\awilix\lib\container.js:234:23)
    at Object.get (C:\work\web\yideng\node-ssr\node_modules\awilix\lib\container.js:65:32)
    at IndexController.actionIndex (C:\work\web\yideng\node-ssr\dist\controllers\indexController.js:21:44)
    at memberInvoker (C:\work\web\yideng\node-ssr\node_modules\awilix-koa\lib\invokers.js:85:45)
    at dispatch (C:\work\web\yideng\node-ssr\node_modules\koa-compose\index.js:44:32)
    at next (C:\work\web\yideng\node-ssr\node_modules\koa-compose\index.js:45:18)
    at C:\work\web\yideng\node-ssr\node_modules\@koa\router\lib\router.js:346:16
    at dispatch (C:\work\web\yideng\node-ssr\node_modules\koa-compose\index.js:44:32)
    at C:\work\web\yideng\node-ssr\node_modules\koa-compose\index.js:36:12
    at dispatch (C:\work\web\yideng\node-ssr\node_modules\@koa\router\lib\router.js:351:31)
[2019-07-16T23:16:50.067] [ERROR] cheese - AwilixResolutionError: Could not resolve 'getData'.

Resolution path: getData
    at resolve (C:\work\web\yideng\node-ssr\node_modules\awilix\lib\container.js:234:23)
    at Object.get (C:\work\web\yideng\node-ssr\node_modules\awilix\lib\container.js:65:32)
    at IndexController.actionIndex (C:\work\web\yideng\node-ssr\dist\controllers\indexController.js:21:44)
    at memberInvoker (C:\work\web\yideng\node-ssr\node_modules\awilix-koa\lib\invokers.js:85:45)
    at dispatch (C:\work\web\yideng\node-ssr\node_modules\koa-compose\index.js:44:32)
    at next (C:\work\web\yideng\node-ssr\node_modules\koa-compose\index.js:45:18)
    at C:\work\web\yideng\node-ssr\node_modules\@koa\router\lib\router.js:346:16
    at dispatch (C:\work\web\yideng\node-ssr\node_modules\koa-compose\index.js:44:32)
    at C:\work\web\yideng\node-ssr\node_modules\koa-compose\index.js:36:12
    at dispatch (C:\work\web\yideng\node-ssr\node_modules\@koa\router\lib\router.js:351:31)
[2019-07-16T23:17:18.418] [ERROR] cheese - AwilixResolutionError: Could not resolve 'getData'.

Resolution path: getData
    at resolve (C:\work\web\yideng\node-ssr\node_modules\awilix\lib\container.js:234:23)
    at Object.get (C:\work\web\yideng\node-ssr\node_modules\awilix\lib\container.js:65:32)
    at IndexController.actionIndex (C:\work\web\yideng\node-ssr\dist\controllers\indexController.js:21:44)
    at memberInvoker (C:\work\web\yideng\node-ssr\node_modules\awilix-koa\lib\invokers.js:85:45)
    at dispatch (C:\work\web\yideng\node-ssr\node_modules\koa-compose\index.js:44:32)
    at next (C:\work\web\yideng\node-ssr\node_modules\koa-compose\index.js:45:18)
    at C:\work\web\yideng\node-ssr\node_modules\@koa\router\lib\router.js:346:16
    at dispatch (C:\work\web\yideng\node-ssr\node_modules\koa-compose\index.js:44:32)
    at C:\work\web\yideng\node-ssr\node_modules\koa-compose\index.js:36:12
    at dispatch (C:\work\web\yideng\node-ssr\node_modules\@koa\router\lib\router.js:351:31)
[2019-07-16T23:18:03.173] [ERROR] cheese - AwilixResolutionError: Could not resolve 'getData'.

Resolution path: getData
    at resolve (C:\work\web\yideng\node-ssr\node_modules\awilix\lib\container.js:234:23)
    at Object.get (C:\work\web\yideng\node-ssr\node_modules\awilix\lib\container.js:65:32)
    at IndexController.actionIndex (C:\work\web\yideng\node-ssr\dist\controllers\indexController.js:21:44)
    at memberInvoker (C:\work\web\yideng\node-ssr\node_modules\awilix-koa\lib\invokers.js:85:45)
    at dispatch (C:\work\web\yideng\node-ssr\node_modules\koa-compose\index.js:44:32)
    at next (C:\work\web\yideng\node-ssr\node_modules\koa-compose\index.js:45:18)
    at C:\work\web\yideng\node-ssr\node_modules\@koa\router\lib\router.js:346:16
    at dispatch (C:\work\web\yideng\node-ssr\node_modules\koa-compose\index.js:44:32)
    at C:\work\web\yideng\node-ssr\node_modules\koa-compose\index.js:36:12
    at dispatch (C:\work\web\yideng\node-ssr\node_modules\@koa\router\lib\router.js:351:31)
[2019-07-16T23:21:55.623] [ERROR] cheese - AwilixResolutionError: Could not resolve 'getData'.

Resolution path: getData
    at resolve (C:\work\web\yideng\node-ssr\node_modules\awilix\lib\container.js:234:23)
    at Object.get (C:\work\web\yideng\node-ssr\node_modules\awilix\lib\container.js:65:32)
    at IndexController.actionIndex (C:\work\web\yideng\node-ssr\dist\controllers\indexController.js:21:44)
    at memberInvoker (C:\work\web\yideng\node-ssr\node_modules\awilix-koa\lib\invokers.js:85:45)
    at dispatch (C:\work\web\yideng\node-ssr\node_modules\koa-compose\index.js:44:32)
    at next (C:\work\web\yideng\node-ssr\node_modules\koa-compose\index.js:45:18)
    at C:\work\web\yideng\node-ssr\node_modules\@koa\router\lib\router.js:346:16
    at dispatch (C:\work\web\yideng\node-ssr\node_modules\koa-compose\index.js:44:32)
    at C:\work\web\yideng\node-ssr\node_modules\koa-compose\index.js:36:12
    at dispatch (C:\work\web\yideng\node-ssr\node_modules\@koa\router\lib\router.js:351:31)
[2019-07-16T23:22:46.786] [ERROR] cheese - AwilixResolutionError: Could not resolve 'getData'.

Resolution path: getData
    at resolve (C:\work\web\yideng\node-ssr\node_modules\awilix\lib\container.js:234:23)
    at Object.get (C:\work\web\yideng\node-ssr\node_modules\awilix\lib\container.js:65:32)
    at IndexController.actionIndex (C:\work\web\yideng\node-ssr\dist\controllers\indexController.js:20:44)
    at memberInvoker (C:\work\web\yideng\node-ssr\node_modules\awilix-koa\lib\invokers.js:85:45)
    at dispatch (C:\work\web\yideng\node-ssr\node_modules\koa-compose\index.js:44:32)
    at next (C:\work\web\yideng\node-ssr\node_modules\koa-compose\index.js:45:18)
    at C:\work\web\yideng\node-ssr\node_modules\@koa\router\lib\router.js:346:16
    at dispatch (C:\work\web\yideng\node-ssr\node_modules\koa-compose\index.js:44:32)
    at C:\work\web\yideng\node-ssr\node_modules\koa-compose\index.js:36:12
    at dispatch (C:\work\web\yideng\node-ssr\node_modules\@koa\router\lib\router.js:351:31)
[2019-07-16T23:22:57.698] [ERROR] cheese - AwilixResolutionError: Could not resolve 'getData'.

Resolution path: getData
    at resolve (C:\work\web\yideng\node-ssr\node_modules\awilix\lib\container.js:234:23)
    at Object.get (C:\work\web\yideng\node-ssr\node_modules\awilix\lib\container.js:65:32)
    at IndexController.actionIndex (C:\work\web\yideng\node-ssr\dist\controllers\indexController.js:20:44)
    at memberInvoker (C:\work\web\yideng\node-ssr\node_modules\awilix-koa\lib\invokers.js:85:45)
    at dispatch (C:\work\web\yideng\node-ssr\node_modules\koa-compose\index.js:44:32)
    at next (C:\work\web\yideng\node-ssr\node_modules\koa-compose\index.js:45:18)
    at C:\work\web\yideng\node-ssr\node_modules\@koa\router\lib\router.js:346:16
    at dispatch (C:\work\web\yideng\node-ssr\node_modules\koa-compose\index.js:44:32)
    at C:\work\web\yideng\node-ssr\node_modules\koa-compose\index.js:36:12
    at dispatch (C:\work\web\yideng\node-ssr\node_modules\@koa\router\lib\router.js:351:31)
[2019-07-16T23:22:58.681] [ERROR] cheese - AwilixResolutionError: Could not resolve 'getData'.

Resolution path: getData
    at resolve (C:\work\web\yideng\node-ssr\node_modules\awilix\lib\container.js:234:23)
    at Object.get (C:\work\web\yideng\node-ssr\node_modules\awilix\lib\container.js:65:32)
    at IndexController.actionIndex (C:\work\web\yideng\node-ssr\dist\controllers\indexController.js:20:44)
    at memberInvoker (C:\work\web\yideng\node-ssr\node_modules\awilix-koa\lib\invokers.js:85:45)
    at dispatch (C:\work\web\yideng\node-ssr\node_modules\koa-compose\index.js:44:32)
    at next (C:\work\web\yideng\node-ssr\node_modules\koa-compose\index.js:45:18)
    at C:\work\web\yideng\node-ssr\node_modules\@koa\router\lib\router.js:346:16
    at dispatch (C:\work\web\yideng\node-ssr\node_modules\koa-compose\index.js:44:32)
    at C:\work\web\yideng\node-ssr\node_modules\koa-compose\index.js:36:12
    at dispatch (C:\work\web\yideng\node-ssr\node_modules\@koa\router\lib\router.js:351:31)
[2019-07-16T23:22:59.621] [ERROR] cheese - AwilixResolutionError: Could not resolve 'getData'.

Resolution path: getData
    at resolve (C:\work\web\yideng\node-ssr\node_modules\awilix\lib\container.js:234:23)
    at Object.get (C:\work\web\yideng\node-ssr\node_modules\awilix\lib\container.js:65:32)
    at IndexController.actionIndex (C:\work\web\yideng\node-ssr\dist\controllers\indexController.js:20:44)
    at memberInvoker (C:\work\web\yideng\node-ssr\node_modules\awilix-koa\lib\invokers.js:85:45)
    at dispatch (C:\work\web\yideng\node-ssr\node_modules\koa-compose\index.js:44:32)
    at next (C:\work\web\yideng\node-ssr\node_modules\koa-compose\index.js:45:18)
    at C:\work\web\yideng\node-ssr\node_modules\@koa\router\lib\router.js:346:16
    at dispatch (C:\work\web\yideng\node-ssr\node_modules\koa-compose\index.js:44:32)
    at C:\work\web\yideng\node-ssr\node_modules\koa-compose\index.js:36:12
    at dispatch (C:\work\web\yideng\node-ssr\node_modules\@koa\router\lib\router.js:351:31)
[2019-07-16T23:24:59.124] [ERROR] cheese - AwilixResolutionError: Could not resolve 'a'.

Resolution path: a
    at resolve (C:\work\web\yideng\node-ssr\node_modules\awilix\lib\container.js:234:23)
    at Object.get (C:\work\web\yideng\node-ssr\node_modules\awilix\lib\container.js:65:32)
    at IndexController.actionIndex (C:\work\web\yideng\node-ssr\dist\controllers\indexController.js:20:35)
    at memberInvoker (C:\work\web\yideng\node-ssr\node_modules\awilix-koa\lib\invokers.js:85:45)
    at dispatch (C:\work\web\yideng\node-ssr\node_modules\koa-compose\index.js:44:32)
    at next (C:\work\web\yideng\node-ssr\node_modules\koa-compose\index.js:45:18)
    at C:\work\web\yideng\node-ssr\node_modules\@koa\router\lib\router.js:346:16
    at dispatch (C:\work\web\yideng\node-ssr\node_modules\koa-compose\index.js:44:32)
    at C:\work\web\yideng\node-ssr\node_modules\koa-compose\index.js:36:12
    at dispatch (C:\work\web\yideng\node-ssr\node_modules\@koa\router\lib\router.js:351:31)
[2019-07-16T23:28:13.869] [ERROR] cheese - AwilixResolutionError: Could not resolve 'a'.

Resolution path: a
    at resolve (C:\work\web\yideng\node-ssr\node_modules\awilix\lib\container.js:234:23)
    at Object.get (C:\work\web\yideng\node-ssr\node_modules\awilix\lib\container.js:65:32)
    at IndexController.actionIndex (C:\work\web\yideng\node-ssr\dist\controllers\indexController.js:20:35)
    at memberInvoker (C:\work\web\yideng\node-ssr\node_modules\awilix-koa\lib\invokers.js:85:45)
    at dispatch (C:\work\web\yideng\node-ssr\node_modules\koa-compose\index.js:44:32)
    at next (C:\work\web\yideng\node-ssr\node_modules\koa-compose\index.js:45:18)
    at C:\work\web\yideng\node-ssr\node_modules\@koa\router\lib\router.js:346:16
    at dispatch (C:\work\web\yideng\node-ssr\node_modules\koa-compose\index.js:44:32)
    at C:\work\web\yideng\node-ssr\node_modules\koa-compose\index.js:36:12
    at dispatch (C:\work\web\yideng\node-ssr\node_modules\@koa\router\lib\router.js:351:31)
[2019-07-16T23:30:25.645] [ERROR] cheese - AwilixResolutionError: Could not resolve 'getData'.

Resolution path: getData
    at resolve (C:\work\web\yideng\node-ssr\node_modules\awilix\lib\container.js:234:23)
    at Object.get (C:\work\web\yideng\node-ssr\node_modules\awilix\lib\container.js:65:32)
    at IndexController.actionIndex (C:\work\web\yideng\node-ssr\dist\controllers\indexController.js:21:44)
    at memberInvoker (C:\work\web\yideng\node-ssr\node_modules\awilix-koa\lib\invokers.js:85:45)
    at dispatch (C:\work\web\yideng\node-ssr\node_modules\koa-compose\index.js:44:32)
    at next (C:\work\web\yideng\node-ssr\node_modules\koa-compose\index.js:45:18)
    at C:\work\web\yideng\node-ssr\node_modules\@koa\router\lib\router.js:346:16
    at dispatch (C:\work\web\yideng\node-ssr\node_modules\koa-compose\index.js:44:32)
    at C:\work\web\yideng\node-ssr\node_modules\koa-compose\index.js:36:12
    at dispatch (C:\work\web\yideng\node-ssr\node_modules\@koa\router\lib\router.js:351:31)
[2019-07-16T23:32:16.700] [ERROR] cheese - AwilixResolutionError: Could not resolve 'getData'.

Resolution path: getData
    at resolve (C:\work\web\yideng\node-ssr\node_modules\awilix\lib\container.js:234:23)
    at Object.get (C:\work\web\yideng\node-ssr\node_modules\awilix\lib\container.js:65:32)
    at IndexController.actionIndex (C:\work\web\yideng\node-ssr\dist\controllers\indexController.js:21:44)
    at memberInvoker (C:\work\web\yideng\node-ssr\node_modules\awilix-koa\lib\invokers.js:85:45)
    at dispatch (C:\work\web\yideng\node-ssr\node_modules\koa-compose\index.js:44:32)
    at next (C:\work\web\yideng\node-ssr\node_modules\koa-compose\index.js:45:18)
    at C:\work\web\yideng\node-ssr\node_modules\@koa\router\lib\router.js:346:16
    at dispatch (C:\work\web\yideng\node-ssr\node_modules\koa-compose\index.js:44:32)
    at C:\work\web\yideng\node-ssr\node_modules\koa-compose\index.js:36:12
    at dispatch (C:\work\web\yideng\node-ssr\node_modules\@koa\router\lib\router.js:351:31)
[2019-07-16T23:32:17.709] [ERROR] cheese - AwilixResolutionError: Could not resolve 'getData'.

Resolution path: getData
    at resolve (C:\work\web\yideng\node-ssr\node_modules\awilix\lib\container.js:234:23)
    at Object.get (C:\work\web\yideng\node-ssr\node_modules\awilix\lib\container.js:65:32)
    at IndexController.actionIndex (C:\work\web\yideng\node-ssr\dist\controllers\indexController.js:21:44)
    at memberInvoker (C:\work\web\yideng\node-ssr\node_modules\awilix-koa\lib\invokers.js:85:45)
    at dispatch (C:\work\web\yideng\node-ssr\node_modules\koa-compose\index.js:44:32)
    at next (C:\work\web\yideng\node-ssr\node_modules\koa-compose\index.js:45:18)
    at C:\work\web\yideng\node-ssr\node_modules\@koa\router\lib\router.js:346:16
    at dispatch (C:\work\web\yideng\node-ssr\node_modules\koa-compose\index.js:44:32)
    at C:\work\web\yideng\node-ssr\node_modules\koa-compose\index.js:36:12
    at dispatch (C:\work\web\yideng\node-ssr\node_modules\@koa\router\lib\router.js:351:31)
[2019-07-16T23:32:47.464] [ERROR] cheese - AwilixResolutionError: Could not resolve 'getData'.

Resolution path: getData
    at resolve (C:\work\web\yideng\node-ssr\node_modules\awilix\lib\container.js:234:23)
    at Object.get (C:\work\web\yideng\node-ssr\node_modules\awilix\lib\container.js:65:32)
    at IndexController.actionIndex (C:\work\web\yideng\node-ssr\dist\controllers\indexController.js:21:44)
    at memberInvoker (C:\work\web\yideng\node-ssr\node_modules\awilix-koa\lib\invokers.js:85:45)
    at dispatch (C:\work\web\yideng\node-ssr\node_modules\koa-compose\index.js:44:32)
    at next (C:\work\web\yideng\node-ssr\node_modules\koa-compose\index.js:45:18)
    at C:\work\web\yideng\node-ssr\node_modules\@koa\router\lib\router.js:346:16
    at dispatch (C:\work\web\yideng\node-ssr\node_modules\koa-compose\index.js:44:32)
    at C:\work\web\yideng\node-ssr\node_modules\koa-compose\index.js:36:12
    at dispatch (C:\work\web\yideng\node-ssr\node_modules\@koa\router\lib\router.js:351:31)
